2023-02-14 04:19:04 [172.21.0.1][-][a12eb9c2e27c8dce72d63be1a2679b96][error][yii\base\InvalidConfigException] yii\base\InvalidConfigException: yii\web\Request::cookieValidationKey must be configured with a secret key. in /app/vendor/yiisoft/yii2/web/Request.php:1715
Stack trace:
#0 /app/vendor/yiisoft/yii2/web/Request.php(1697): yii\web\Request->loadCookies()
#1 /app/vendor/yiisoft/yii2/web/User.php(593): yii\web\Request->getCookies()
#2 /app/vendor/yiisoft/yii2/web/User.php(321): yii\web\User->getIdentityAndDurationFromCookie()
#3 /app/vendor/yiisoft/yii2/web/User.php(727): yii\web\User->loginByCookie()
#4 /app/vendor/yiisoft/yii2/web/User.php(199): yii\web\User->renewAuthStatus()
#5 /app/vendor/yiisoft/yii2/web/User.php(367): yii\web\User->getIdentity()
#6 /app/vendor/yiisoft/yii2/base/Component.php(139): yii\web\User->getIsGuest()
#7 /app/vendor/yiisoft/yii2-debug/src/panels/UserPanel.php(83): yii\base\Component->__get('isGuest')
#8 /app/vendor/yiisoft/yii2/base/BaseObject.php(109): yii\debug\panels\UserPanel->init()
#9 [internal function]: yii\base\BaseObject->__construct(Array)
#10 /app/vendor/yiisoft/yii2/di/Container.php(419): ReflectionClass->newInstanceArgs(Array)
#11 /app/vendor/yiisoft/yii2/di/Container.php(170): yii\di\Container->build('yii\\debug\\panel...', Array, Array)
#12 /app/vendor/yiisoft/yii2/BaseYii.php(365): yii\di\Container->get('yii\\debug\\panel...', Array, Array)
#13 /app/vendor/yiisoft/yii2-debug/src/Module.php(253): yii\BaseYii::createObject(Array)
#14 /app/vendor/yiisoft/yii2-debug/src/Module.php(225): yii\debug\Module->initPanels()
#15 /app/vendor/yiisoft/yii2/base/BaseObject.php(109): yii\debug\Module->init()
#16 /app/vendor/yiisoft/yii2/base/Module.php(161): yii\base\BaseObject->__construct(Array)
#17 [internal function]: yii\base\Module->__construct('debug', Object(yii\web\Application), Array)
#18 /app/vendor/yiisoft/yii2/di/Container.php(419): ReflectionClass->newInstanceArgs(Array)
#19 /app/vendor/yiisoft/yii2/di/Container.php(170): yii\di\Container->build('yii\\debug\\Modul...', Array, Array)
#20 /app/vendor/yiisoft/yii2/BaseYii.php(365): yii\di\Container->get('yii\\debug\\Modul...', Array, Array)
#21 /app/vendor/yiisoft/yii2/base/Module.php(445): yii\BaseYii::createObject(Array, Array)
#22 /app/vendor/yiisoft/yii2/base/Application.php(313): yii\base\Module->getModule('debug')
#23 /app/vendor/yiisoft/yii2/web/Application.php(69): yii\base\Application->bootstrap()
#24 /app/vendor/yiisoft/yii2/base/Application.php(271): yii\web\Application->bootstrap()
#25 /app/vendor/yiisoft/yii2/base/BaseObject.php(109): yii\base\Application->init()
#26 /app/vendor/yiisoft/yii2/base/Application.php(204): yii\base\BaseObject->__construct(Array)
#27 /app/frontend/web/index.php(19): yii\base\Application->__construct(Array)
#28 {main}
2023-02-14 04:19:03 [172.21.0.1][-][a12eb9c2e27c8dce72d63be1a2679b96][info][application] $_GET = []

$_POST = []

$_FILES = []

$_COOKIE = [
    'advanced-frontend' => 'a12eb9c2e27c8dce72d63be1a2679b96'
    '_csrf-frontend' => '7467c565e4e8e07ef40f5b15d5d93dac881f480b5dd9c4176218f0e0032ec083a:2:{i:0;s:14:\"_csrf-frontend\";i:1;s:32:\"ovVVBjuVqBzxwxsxU7ni372w_d6jphXu\";}'
]

$_SESSION = [
    '__flash' => []
]

$_SERVER = [
    'HTTP_HOST' => 'localhost:20080'
    'HTTP_CONNECTION' => 'keep-alive'
    'HTTP_CACHE_CONTROL' => 'max-age=0'
    'HTTP_SEC_CH_UA' => '\"Not_A Brand\";v=\"99\", \"Google Chrome\";v=\"109\", \"Chromium\";v=\"109\"'
    'HTTP_SEC_CH_UA_MOBILE' => '?0'
    'HTTP_SEC_CH_UA_PLATFORM' => '\"Windows\"'
    'HTTP_UPGRADE_INSECURE_REQUESTS' => '1'
    'HTTP_USER_AGENT' => 'Mozilla/5.0 (Windows NT 10.0; Win64; x64) AppleWebKit/537.36 (KHTML, like Gecko) Chrome/109.0.0.0 Safari/537.36'
    'HTTP_ACCEPT' => 'text/html,application/xhtml+xml,application/xml;q=0.9,image/avif,image/webp,image/apng,*/*;q=0.8,application/signed-exchange;v=b3;q=0.9'
    'HTTP_SEC_FETCH_SITE' => 'none'
    'HTTP_SEC_FETCH_MODE' => 'navigate'
    'HTTP_SEC_FETCH_USER' => '?1'
    'HTTP_SEC_FETCH_DEST' => 'document'
    'HTTP_ACCEPT_ENCODING' => 'gzip, deflate, br'
    'HTTP_ACCEPT_LANGUAGE' => 'ru-RU,ru;q=0.9,en-US;q=0.8,en;q=0.7'
    'HTTP_COOKIE' => 'advanced-frontend=a12eb9c2e27c8dce72d63be1a2679b96; _csrf-frontend=7467c565e4e8e07ef40f5b15d5d93dac881f480b5dd9c4176218f0e0032ec083a%3A2%3A%7Bi%3A0%3Bs%3A14%3A%22_csrf-frontend%22%3Bi%3A1%3Bs%3A32%3A%22ovVVBjuVqBzxwxsxU7ni372w_d6jphXu%22%3B%7D'
    'PATH' => '/app:/app/vendor/bin:/root/.composer/vendor/bin:/usr/local/sbin:/usr/local/bin:/usr/sbin:/usr/bin:/sbin:/bin'
    'SERVER_SIGNATURE' => '<address>Apache/2.4.54 (Debian) Server at localhost Port 20080</address>
'
    'SERVER_SOFTWARE' => 'Apache/2.4.54 (Debian)'
    'SERVER_NAME' => 'localhost'
    'SERVER_ADDR' => '172.21.0.3'
    'SERVER_PORT' => '20080'
    'REMOTE_ADDR' => '172.21.0.1'
    'DOCUMENT_ROOT' => '/app/frontend/web'
    'REQUEST_SCHEME' => 'http'
    'CONTEXT_PREFIX' => ''
    'CONTEXT_DOCUMENT_ROOT' => '/app/frontend/web'
    'SERVER_ADMIN' => 'webmaster@localhost'
    'SCRIPT_FILENAME' => '/app/frontend/web/index.php'
    'REMOTE_PORT' => '52480'
    'GATEWAY_INTERFACE' => 'CGI/1.1'
    'SERVER_PROTOCOL' => 'HTTP/1.1'
    'REQUEST_METHOD' => 'GET'
    'QUERY_STRING' => ''
    'REQUEST_URI' => '/'
    'SCRIPT_NAME' => '/index.php'
    'PHP_SELF' => '/index.php'
    'REQUEST_TIME_FLOAT' => 1676337543.2633
    'REQUEST_TIME' => 1676337543
    'argv' => []
    'argc' => 0
]
2023-02-14 04:21:32 [172.21.0.1][-][a12eb9c2e27c8dce72d63be1a2679b96][error][yii\base\InvalidConfigException] yii\base\InvalidConfigException: yii\web\Request::cookieValidationKey must be configured with a secret key. in /app/vendor/yiisoft/yii2/web/Request.php:1715
Stack trace:
#0 /app/vendor/yiisoft/yii2/web/Request.php(1697): yii\web\Request->loadCookies()
#1 /app/vendor/yiisoft/yii2/web/User.php(593): yii\web\Request->getCookies()
#2 /app/vendor/yiisoft/yii2/web/User.php(321): yii\web\User->getIdentityAndDurationFromCookie()
#3 /app/vendor/yiisoft/yii2/web/User.php(727): yii\web\User->loginByCookie()
#4 /app/vendor/yiisoft/yii2/web/User.php(199): yii\web\User->renewAuthStatus()
#5 /app/vendor/yiisoft/yii2/web/User.php(367): yii\web\User->getIdentity()
#6 /app/vendor/yiisoft/yii2/base/Component.php(139): yii\web\User->getIsGuest()
#7 /app/vendor/yiisoft/yii2-debug/src/panels/UserPanel.php(83): yii\base\Component->__get('isGuest')
#8 /app/vendor/yiisoft/yii2/base/BaseObject.php(109): yii\debug\panels\UserPanel->init()
#9 [internal function]: yii\base\BaseObject->__construct(Array)
#10 /app/vendor/yiisoft/yii2/di/Container.php(419): ReflectionClass->newInstanceArgs(Array)
#11 /app/vendor/yiisoft/yii2/di/Container.php(170): yii\di\Container->build('yii\\debug\\panel...', Array, Array)
#12 /app/vendor/yiisoft/yii2/BaseYii.php(365): yii\di\Container->get('yii\\debug\\panel...', Array, Array)
#13 /app/vendor/yiisoft/yii2-debug/src/Module.php(253): yii\BaseYii::createObject(Array)
#14 /app/vendor/yiisoft/yii2-debug/src/Module.php(225): yii\debug\Module->initPanels()
#15 /app/vendor/yiisoft/yii2/base/BaseObject.php(109): yii\debug\Module->init()
#16 /app/vendor/yiisoft/yii2/base/Module.php(161): yii\base\BaseObject->__construct(Array)
#17 [internal function]: yii\base\Module->__construct('debug', Object(yii\web\Application), Array)
#18 /app/vendor/yiisoft/yii2/di/Container.php(419): ReflectionClass->newInstanceArgs(Array)
#19 /app/vendor/yiisoft/yii2/di/Container.php(170): yii\di\Container->build('yii\\debug\\Modul...', Array, Array)
#20 /app/vendor/yiisoft/yii2/BaseYii.php(365): yii\di\Container->get('yii\\debug\\Modul...', Array, Array)
#21 /app/vendor/yiisoft/yii2/base/Module.php(445): yii\BaseYii::createObject(Array, Array)
#22 /app/vendor/yiisoft/yii2/base/Application.php(313): yii\base\Module->getModule('debug')
#23 /app/vendor/yiisoft/yii2/web/Application.php(69): yii\base\Application->bootstrap()
#24 /app/vendor/yiisoft/yii2/base/Application.php(271): yii\web\Application->bootstrap()
#25 /app/vendor/yiisoft/yii2/base/BaseObject.php(109): yii\base\Application->init()
#26 /app/vendor/yiisoft/yii2/base/Application.php(204): yii\base\BaseObject->__construct(Array)
#27 /app/frontend/web/index.php(19): yii\base\Application->__construct(Array)
#28 {main}
2023-02-14 04:21:31 [172.21.0.1][-][a12eb9c2e27c8dce72d63be1a2679b96][info][application] $_GET = []

$_POST = []

$_FILES = []

$_COOKIE = [
    'advanced-frontend' => 'a12eb9c2e27c8dce72d63be1a2679b96'
    '_csrf-frontend' => '7467c565e4e8e07ef40f5b15d5d93dac881f480b5dd9c4176218f0e0032ec083a:2:{i:0;s:14:\"_csrf-frontend\";i:1;s:32:\"ovVVBjuVqBzxwxsxU7ni372w_d6jphXu\";}'
]

$_SESSION = [
    '__flash' => []
]

$_SERVER = [
    'HTTP_HOST' => 'localhost:20080'
    'HTTP_CONNECTION' => 'keep-alive'
    'HTTP_CACHE_CONTROL' => 'max-age=0'
    'HTTP_SEC_CH_UA' => '\"Not_A Brand\";v=\"99\", \"Google Chrome\";v=\"109\", \"Chromium\";v=\"109\"'
    'HTTP_SEC_CH_UA_MOBILE' => '?0'
    'HTTP_SEC_CH_UA_PLATFORM' => '\"Windows\"'
    'HTTP_UPGRADE_INSECURE_REQUESTS' => '1'
    'HTTP_USER_AGENT' => 'Mozilla/5.0 (Windows NT 10.0; Win64; x64) AppleWebKit/537.36 (KHTML, like Gecko) Chrome/109.0.0.0 Safari/537.36'
    'HTTP_ACCEPT' => 'text/html,application/xhtml+xml,application/xml;q=0.9,image/avif,image/webp,image/apng,*/*;q=0.8,application/signed-exchange;v=b3;q=0.9'
    'HTTP_SEC_FETCH_SITE' => 'none'
    'HTTP_SEC_FETCH_MODE' => 'navigate'
    'HTTP_SEC_FETCH_USER' => '?1'
    'HTTP_SEC_FETCH_DEST' => 'document'
    'HTTP_ACCEPT_ENCODING' => 'gzip, deflate, br'
    'HTTP_ACCEPT_LANGUAGE' => 'ru-RU,ru;q=0.9,en-US;q=0.8,en;q=0.7'
    'HTTP_COOKIE' => 'advanced-frontend=a12eb9c2e27c8dce72d63be1a2679b96; _csrf-frontend=7467c565e4e8e07ef40f5b15d5d93dac881f480b5dd9c4176218f0e0032ec083a%3A2%3A%7Bi%3A0%3Bs%3A14%3A%22_csrf-frontend%22%3Bi%3A1%3Bs%3A32%3A%22ovVVBjuVqBzxwxsxU7ni372w_d6jphXu%22%3B%7D'
    'PATH' => '/app:/app/vendor/bin:/root/.composer/vendor/bin:/usr/local/sbin:/usr/local/bin:/usr/sbin:/usr/bin:/sbin:/bin'
    'SERVER_SIGNATURE' => '<address>Apache/2.4.54 (Debian) Server at localhost Port 20080</address>
'
    'SERVER_SOFTWARE' => 'Apache/2.4.54 (Debian)'
    'SERVER_NAME' => 'localhost'
    'SERVER_ADDR' => '172.21.0.3'
    'SERVER_PORT' => '20080'
    'REMOTE_ADDR' => '172.21.0.1'
    'DOCUMENT_ROOT' => '/app/frontend/web'
    'REQUEST_SCHEME' => 'http'
    'CONTEXT_PREFIX' => ''
    'CONTEXT_DOCUMENT_ROOT' => '/app/frontend/web'
    'SERVER_ADMIN' => 'webmaster@localhost'
    'SCRIPT_FILENAME' => '/app/frontend/web/index.php'
    'REMOTE_PORT' => '52492'
    'GATEWAY_INTERFACE' => 'CGI/1.1'
    'SERVER_PROTOCOL' => 'HTTP/1.1'
    'REQUEST_METHOD' => 'GET'
    'QUERY_STRING' => ''
    'REQUEST_URI' => '/'
    'SCRIPT_NAME' => '/index.php'
    'PHP_SELF' => '/index.php'
    'REQUEST_TIME_FLOAT' => 1676337691.2978
    'REQUEST_TIME' => 1676337691
    'argv' => []
    'argc' => 0
]
2023-02-14 04:22:05 [172.21.0.1][-][a12eb9c2e27c8dce72d63be1a2679b96][error][yii\base\ViewNotFoundException] yii\base\ViewNotFoundException: The view file does not exist: /app/frontend/config/views/site/index.php in /app/vendor/yiisoft/yii2/base/View.php:233
Stack trace:
#0 /app/vendor/yiisoft/yii2/base/View.php(156): yii\base\View->renderFile('/app/frontend/c...', Array, Object(frontend\controllers\SiteController))
#1 /app/vendor/yiisoft/yii2/base/Controller.php(407): yii\base\View->render('index', Array, Object(frontend\controllers\SiteController))
#2 /app/frontend/controllers/SiteController.php(78): yii\base\Controller->render('index')
#3 [internal function]: frontend\controllers\SiteController->actionIndex()
#4 /app/vendor/yiisoft/yii2/base/InlineAction.php(57): call_user_func_array(Array, Array)
#5 /app/vendor/yiisoft/yii2/base/Controller.php(178): yii\base\InlineAction->runWithParams(Array)
#6 /app/vendor/yiisoft/yii2/base/Module.php(552): yii\base\Controller->runAction('', Array)
#7 /app/vendor/yiisoft/yii2/web/Application.php(103): yii\base\Module->runAction('', Array)
#8 /app/vendor/yiisoft/yii2/base/Application.php(384): yii\web\Application->handleRequest(Object(yii\web\Request))
#9 /app/frontend/web/index.php(19): yii\base\Application->run()
#10 {main}
2023-02-14 04:22:04 [172.21.0.1][-][a12eb9c2e27c8dce72d63be1a2679b96][info][application] $_GET = []

$_POST = []

$_FILES = []

$_COOKIE = [
    'advanced-frontend' => 'a12eb9c2e27c8dce72d63be1a2679b96'
    '_csrf-frontend' => '7467c565e4e8e07ef40f5b15d5d93dac881f480b5dd9c4176218f0e0032ec083a:2:{i:0;s:14:\"_csrf-frontend\";i:1;s:32:\"ovVVBjuVqBzxwxsxU7ni372w_d6jphXu\";}'
]

$_SESSION = [
    '__flash' => []
]

$_SERVER = [
    'HTTP_HOST' => 'localhost:20080'
    'HTTP_CONNECTION' => 'keep-alive'
    'HTTP_CACHE_CONTROL' => 'max-age=0'
    'HTTP_SEC_CH_UA' => '\"Not_A Brand\";v=\"99\", \"Google Chrome\";v=\"109\", \"Chromium\";v=\"109\"'
    'HTTP_SEC_CH_UA_MOBILE' => '?0'
    'HTTP_SEC_CH_UA_PLATFORM' => '\"Windows\"'
    'HTTP_UPGRADE_INSECURE_REQUESTS' => '1'
    'HTTP_USER_AGENT' => 'Mozilla/5.0 (Windows NT 10.0; Win64; x64) AppleWebKit/537.36 (KHTML, like Gecko) Chrome/109.0.0.0 Safari/537.36'
    'HTTP_ACCEPT' => 'text/html,application/xhtml+xml,application/xml;q=0.9,image/avif,image/webp,image/apng,*/*;q=0.8,application/signed-exchange;v=b3;q=0.9'
    'HTTP_SEC_FETCH_SITE' => 'none'
    'HTTP_SEC_FETCH_MODE' => 'navigate'
    'HTTP_SEC_FETCH_USER' => '?1'
    'HTTP_SEC_FETCH_DEST' => 'document'
    'HTTP_ACCEPT_ENCODING' => 'gzip, deflate, br'
    'HTTP_ACCEPT_LANGUAGE' => 'ru-RU,ru;q=0.9,en-US;q=0.8,en;q=0.7'
    'HTTP_COOKIE' => 'advanced-frontend=a12eb9c2e27c8dce72d63be1a2679b96; _csrf-frontend=7467c565e4e8e07ef40f5b15d5d93dac881f480b5dd9c4176218f0e0032ec083a%3A2%3A%7Bi%3A0%3Bs%3A14%3A%22_csrf-frontend%22%3Bi%3A1%3Bs%3A32%3A%22ovVVBjuVqBzxwxsxU7ni372w_d6jphXu%22%3B%7D'
    'PATH' => '/app:/app/vendor/bin:/root/.composer/vendor/bin:/usr/local/sbin:/usr/local/bin:/usr/sbin:/usr/bin:/sbin:/bin'
    'SERVER_SIGNATURE' => '<address>Apache/2.4.54 (Debian) Server at localhost Port 20080</address>
'
    'SERVER_SOFTWARE' => 'Apache/2.4.54 (Debian)'
    'SERVER_NAME' => 'localhost'
    'SERVER_ADDR' => '172.21.0.3'
    'SERVER_PORT' => '20080'
    'REMOTE_ADDR' => '172.21.0.1'
    'DOCUMENT_ROOT' => '/app/frontend/web'
    'REQUEST_SCHEME' => 'http'
    'CONTEXT_PREFIX' => ''
    'CONTEXT_DOCUMENT_ROOT' => '/app/frontend/web'
    'SERVER_ADMIN' => 'webmaster@localhost'
    'SCRIPT_FILENAME' => '/app/frontend/web/index.php'
    'REMOTE_PORT' => '52496'
    'GATEWAY_INTERFACE' => 'CGI/1.1'
    'SERVER_PROTOCOL' => 'HTTP/1.1'
    'REQUEST_METHOD' => 'GET'
    'QUERY_STRING' => ''
    'REQUEST_URI' => '/'
    'SCRIPT_NAME' => '/index.php'
    'PHP_SELF' => '/index.php'
    'REQUEST_TIME_FLOAT' => 1676337724.275
    'REQUEST_TIME' => 1676337724
    'argv' => []
    'argc' => 0
]
