2023/05/05 22:33:28 [emerg] 1#1: "location" directive is not allowed here in /etc/nginx/conf.d/default.conf:4
2023/05/05 22:34:30 [emerg] 1#1: open() "/etc/nginx/default.conf" failed (2: No such file or directory) in /etc/nginx/conf.d/vhost.conf:11
2023/05/05 22:35:04 [emerg] 1#1: open() "/etc/nginx/./default.conf" failed (2: No such file or directory) in /etc/nginx/conf.d/vhost.conf:11
2023/05/05 22:35:51 [emerg] 1#1: "server" directive is not allowed here in /etc/nginx/conf.d/default.conf:1
2023/05/05 22:36:13 [emerg] 1#1: unknown "loggable" variable
2023/05/05 22:37:29 [emerg] 1#1: "map" directive is not allowed here in /etc/nginx/conf.d/default.conf:3
2023/05/05 22:37:45 [emerg] 1#1: "map" directive is not allowed here in /etc/nginx/conf.d/default.conf:3
2023/05/05 22:38:20 [emerg] 1#1: "map" directive is not allowed here in /etc/nginx/conf.d/default.conf:3
2023/05/05 22:39:19 [warn] 1#1: conflicting server name "api.birqsil.ru" on 0.0.0.0:80, ignored
2023/05/05 22:39:19 [notice] 1#1: using the "epoll" event method
2023/05/05 22:39:19 [notice] 1#1: nginx/1.22.1
2023/05/05 22:39:19 [notice] 1#1: built by gcc 12.2.1 20220924 (Alpine 12.2.1_git20220924-r4) 
2023/05/05 22:39:19 [notice] 1#1: OS: Linux 5.15.49-linuxkit
2023/05/05 22:39:19 [notice] 1#1: getrlimit(RLIMIT_NOFILE): 1048576:1048576
2023/05/05 22:39:19 [notice] 1#1: start worker processes
2023/05/05 22:39:19 [notice] 1#1: start worker process 29
2023/05/05 22:39:19 [notice] 1#1: start worker process 30
2023/05/05 22:39:19 [notice] 1#1: start worker process 31
2023/05/05 22:39:19 [notice] 1#1: start worker process 32
2023/05/05 22:39:43 [notice] 1#1: signal 3 (SIGQUIT) received, shutting down
2023/05/05 22:39:43 [notice] 29#29: gracefully shutting down
2023/05/05 22:39:43 [notice] 32#32: gracefully shutting down
2023/05/05 22:39:43 [notice] 30#30: gracefully shutting down
2023/05/05 22:39:43 [notice] 31#31: gracefully shutting down
2023/05/05 22:39:43 [notice] 31#31: exiting
2023/05/05 22:39:43 [notice] 31#31: exit
2023/05/05 22:39:43 [notice] 29#29: exiting
2023/05/05 22:39:43 [notice] 32#32: exiting
2023/05/05 22:39:43 [notice] 30#30: exiting
2023/05/05 22:39:43 [notice] 32#32: exit
2023/05/05 22:39:43 [notice] 29#29: exit
2023/05/05 22:39:43 [notice] 30#30: exit
2023/05/05 22:39:43 [notice] 1#1: signal 17 (SIGCHLD) received from 31
2023/05/05 22:39:43 [notice] 1#1: worker process 31 exited with code 0
2023/05/05 22:39:43 [notice] 1#1: signal 29 (SIGIO) received
2023/05/05 22:39:43 [notice] 1#1: signal 17 (SIGCHLD) received from 32
2023/05/05 22:39:43 [notice] 1#1: worker process 30 exited with code 0
2023/05/05 22:39:43 [notice] 1#1: worker process 32 exited with code 0
2023/05/05 22:39:43 [notice] 1#1: signal 29 (SIGIO) received
2023/05/05 22:39:43 [notice] 1#1: signal 17 (SIGCHLD) received from 29
2023/05/05 22:39:43 [notice] 1#1: worker process 29 exited with code 0
2023/05/05 22:39:43 [notice] 1#1: exit
2023/05/05 22:39:45 [notice] 1#1: using the "epoll" event method
2023/05/05 22:39:45 [notice] 1#1: nginx/1.22.1
2023/05/05 22:39:45 [notice] 1#1: built by gcc 12.2.1 20220924 (Alpine 12.2.1_git20220924-r4) 
2023/05/05 22:39:45 [notice] 1#1: OS: Linux 5.15.49-linuxkit
2023/05/05 22:39:45 [notice] 1#1: getrlimit(RLIMIT_NOFILE): 1048576:1048576
2023/05/05 22:39:45 [notice] 1#1: start worker processes
2023/05/05 22:39:45 [notice] 1#1: start worker process 29
2023/05/05 22:39:45 [notice] 1#1: start worker process 30
2023/05/05 22:39:45 [notice] 1#1: start worker process 31
2023/05/05 22:39:45 [notice] 1#1: start worker process 32
2023/05/05 22:42:09 [notice] 1#1: signal 3 (SIGQUIT) received, shutting down
2023/05/05 22:42:09 [notice] 29#29: gracefully shutting down
2023/05/05 22:42:09 [notice] 32#32: gracefully shutting down
2023/05/05 22:42:09 [notice] 32#32: exiting
2023/05/05 22:42:09 [notice] 31#31: gracefully shutting down
2023/05/05 22:42:09 [notice] 30#30: gracefully shutting down
2023/05/05 22:42:09 [notice] 30#30: exiting
2023/05/05 22:42:09 [notice] 32#32: exit
2023/05/05 22:42:09 [notice] 31#31: exiting
2023/05/05 22:42:09 [notice] 30#30: exit
2023/05/05 22:42:09 [notice] 31#31: exit
2023/05/05 22:42:09 [notice] 1#1: signal 17 (SIGCHLD) received from 32
2023/05/05 22:42:09 [notice] 1#1: worker process 32 exited with code 0
2023/05/05 22:42:09 [notice] 1#1: signal 29 (SIGIO) received
2023/05/05 22:42:09 [notice] 1#1: signal 17 (SIGCHLD) received from 30
2023/05/05 22:42:09 [notice] 1#1: worker process 30 exited with code 0
2023/05/05 22:42:09 [notice] 1#1: worker process 31 exited with code 0
2023/05/05 22:42:09 [notice] 1#1: signal 29 (SIGIO) received
2023/05/05 22:42:12 [notice] 29#29: exiting
2023/05/05 22:42:12 [notice] 29#29: exit
2023/05/05 22:42:12 [notice] 1#1: signal 17 (SIGCHLD) received from 29
2023/05/05 22:42:12 [notice] 1#1: worker process 29 exited with code 0
2023/05/05 22:42:12 [notice] 1#1: exit
2023/05/05 22:43:06 [notice] 1#1: using the "epoll" event method
2023/05/05 22:43:06 [notice] 1#1: nginx/1.22.1
2023/05/05 22:43:06 [notice] 1#1: built by gcc 12.2.1 20220924 (Alpine 12.2.1_git20220924-r4) 
2023/05/05 22:43:06 [notice] 1#1: OS: Linux 5.15.49-linuxkit
2023/05/05 22:43:06 [notice] 1#1: getrlimit(RLIMIT_NOFILE): 1048576:1048576
2023/05/05 22:43:06 [notice] 1#1: start worker processes
2023/05/05 22:43:06 [notice] 1#1: start worker process 29
2023/05/05 22:43:06 [notice] 1#1: start worker process 30
2023/05/05 22:43:06 [notice] 1#1: start worker process 31
2023/05/05 22:43:06 [notice] 1#1: start worker process 32
2023/05/05 22:45:54 [notice] 1#1: signal 3 (SIGQUIT) received, shutting down
2023/05/05 22:45:54 [notice] 31#31: gracefully shutting down
2023/05/05 22:45:54 [notice] 30#30: gracefully shutting down
2023/05/05 22:45:54 [notice] 30#30: exiting
2023/05/05 22:45:54 [notice] 32#32: gracefully shutting down
2023/05/05 22:45:54 [notice] 29#29: gracefully shutting down
2023/05/05 22:45:54 [notice] 30#30: exit
2023/05/05 22:45:54 [notice] 29#29: exiting
2023/05/05 22:45:54 [notice] 31#31: exiting
2023/05/05 22:45:54 [notice] 32#32: exiting
2023/05/05 22:45:54 [notice] 29#29: exit
2023/05/05 22:45:54 [notice] 31#31: exit
2023/05/05 22:45:54 [notice] 32#32: exit
2023/05/05 22:45:54 [notice] 1#1: signal 17 (SIGCHLD) received from 32
2023/05/05 22:45:54 [notice] 1#1: worker process 31 exited with code 0
2023/05/05 22:45:54 [notice] 1#1: worker process 30 exited with code 0
2023/05/05 22:45:54 [notice] 1#1: worker process 32 exited with code 0
2023/05/05 22:45:54 [notice] 1#1: signal 29 (SIGIO) received
2023/05/05 22:45:54 [notice] 1#1: signal 17 (SIGCHLD) received from 30
2023/05/05 22:45:54 [notice] 1#1: signal 17 (SIGCHLD) received from 29
2023/05/05 22:45:54 [notice] 1#1: worker process 29 exited with code 0
2023/05/05 22:45:54 [notice] 1#1: exit
2023/05/05 22:48:58 [notice] 1#1: using the "epoll" event method
2023/05/05 22:48:58 [notice] 1#1: nginx/1.22.1
2023/05/05 22:48:58 [notice] 1#1: built by gcc 12.2.1 20220924 (Alpine 12.2.1_git20220924-r4) 
2023/05/05 22:48:58 [notice] 1#1: OS: Linux 5.15.49-linuxkit
2023/05/05 22:48:58 [notice] 1#1: getrlimit(RLIMIT_NOFILE): 1048576:1048576
2023/05/05 22:48:58 [notice] 1#1: start worker processes
2023/05/05 22:48:58 [notice] 1#1: start worker process 29
2023/05/05 22:48:58 [notice] 1#1: start worker process 30
2023/05/05 22:48:58 [notice] 1#1: start worker process 31
2023/05/05 22:48:58 [notice] 1#1: start worker process 32
2023/05/05 22:54:15 [notice] 1#1: signal 3 (SIGQUIT) received, shutting down
2023/05/05 22:54:15 [notice] 30#30: gracefully shutting down
2023/05/05 22:54:15 [notice] 31#31: gracefully shutting down
2023/05/05 22:54:15 [notice] 29#29: gracefully shutting down
2023/05/05 22:54:15 [notice] 32#32: gracefully shutting down
2023/05/05 22:54:15 [notice] 30#30: exiting
2023/05/05 22:54:15 [notice] 32#32: exiting
2023/05/05 22:54:15 [notice] 31#31: exiting
2023/05/05 22:54:15 [notice] 29#29: exiting
2023/05/05 22:54:15 [notice] 30#30: exit
2023/05/05 22:54:15 [notice] 29#29: exit
2023/05/05 22:54:15 [notice] 32#32: exit
2023/05/05 22:54:15 [notice] 31#31: exit
2023/05/05 22:54:15 [notice] 1#1: signal 17 (SIGCHLD) received from 30
2023/05/05 22:54:15 [notice] 1#1: worker process 30 exited with code 0
2023/05/05 22:54:15 [notice] 1#1: worker process 32 exited with code 0
2023/05/05 22:54:15 [notice] 1#1: signal 29 (SIGIO) received
2023/05/05 22:54:15 [notice] 1#1: signal 17 (SIGCHLD) received from 32
2023/05/05 22:54:15 [notice] 1#1: signal 17 (SIGCHLD) received from 31
2023/05/05 22:54:15 [notice] 1#1: worker process 29 exited with code 0
2023/05/05 22:54:15 [notice] 1#1: worker process 31 exited with code 0
2023/05/05 22:54:15 [notice] 1#1: exit
2023/05/05 22:54:40 [notice] 1#1: using the "epoll" event method
2023/05/05 22:54:40 [notice] 1#1: nginx/1.22.1
2023/05/05 22:54:40 [notice] 1#1: built by gcc 12.2.1 20220924 (Alpine 12.2.1_git20220924-r4) 
2023/05/05 22:54:40 [notice] 1#1: OS: Linux 5.15.49-linuxkit
2023/05/05 22:54:40 [notice] 1#1: getrlimit(RLIMIT_NOFILE): 1048576:1048576
2023/05/05 22:54:40 [notice] 1#1: start worker processes
2023/05/05 22:54:40 [notice] 1#1: start worker process 29
2023/05/05 22:54:40 [notice] 1#1: start worker process 30
2023/05/05 22:54:40 [notice] 1#1: start worker process 31
2023/05/05 22:54:40 [notice] 1#1: start worker process 32
